0 info it worked if it ends with ok
1 verbose cli [ 'c:\\Program Files (x86)\\nodejs\\node.exe',
1 verbose cli   'c:\\Program Files (x86)\\nodejs\\node_modules\\npm\\bin\\npm-cli.js',
1 verbose cli   'install',
1 verbose cli   'uirouter',
1 verbose cli   '--save' ]
2 info using npm@1.4.28
3 info using node@v0.10.33
4 warn package.json angularDirectives@1.0.0 No description
5 warn package.json angularDirectives@1.0.0 No repository field.
6 warn package.json angularDirectives@1.0.0 No README data
7 verbose readDependencies using package.json deps
8 verbose cache add [ 'uirouter', null ]
9 verbose cache add name=undefined spec="uirouter" args=["uirouter",null]
10 verbose parsed url { protocol: null,
10 verbose parsed url   slashes: null,
10 verbose parsed url   auth: null,
10 verbose parsed url   host: null,
10 verbose parsed url   port: null,
10 verbose parsed url   hostname: null,
10 verbose parsed url   hash: null,
10 verbose parsed url   search: null,
10 verbose parsed url   query: null,
10 verbose parsed url   pathname: 'uirouter',
10 verbose parsed url   path: 'uirouter',
10 verbose parsed url   href: 'uirouter' }
11 silly lockFile c106b7bf-uirouter uirouter
12 verbose lock uirouter C:\Users\mstowe\AppData\Roaming\npm-cache\c106b7bf-uirouter.lock
13 silly lockFile c106b7bf-uirouter uirouter
14 silly lockFile c106b7bf-uirouter uirouter
15 verbose addNamed [ 'uirouter', '' ]
16 verbose addNamed [ null, '*' ]
17 silly lockFile 91d6499e-uirouter uirouter@
18 verbose lock uirouter@ C:\Users\mstowe\AppData\Roaming\npm-cache\91d6499e-uirouter.lock
19 silly addNameRange { name: 'uirouter', range: '*', hasData: false }
20 verbose request where is /uirouter
21 verbose request registry https://registry.npmjs.org/
22 verbose request id fb8e1158b75ef3cf
23 verbose url raw /uirouter
24 verbose url resolving [ 'https://registry.npmjs.org/', './uirouter' ]
25 verbose url resolved https://registry.npmjs.org/uirouter
26 verbose request where is https://registry.npmjs.org/uirouter
27 info trying registry request attempt 1 at 08:26:19
28 http GET https://registry.npmjs.org/uirouter
29 http 404 https://registry.npmjs.org/uirouter
30 verbose headers { date: 'Thu, 20 Nov 2014 14:26:19 GMT',
30 verbose headers   server: 'CouchDB/1.5.0 (Erlang OTP/R16B03)',
30 verbose headers   'content-type': 'application/json',
30 verbose headers   'cache-control': 'max-age=0',
30 verbose headers   'content-length': '52',
30 verbose headers   'accept-ranges': 'bytes',
30 verbose headers   via: '1.1 varnish',
30 verbose headers   age: '0',
30 verbose headers   'x-served-by': 'cache-dfw1822-DFW',
30 verbose headers   'x-cache': 'MISS',
30 verbose headers   'x-cache-hits': '0',
30 verbose headers   'x-timer': 'S1416493579.479648,VS0,VE271',
30 verbose headers   'keep-alive': 'timeout=10, max=50',
30 verbose headers   connection: 'Keep-Alive' }
31 silly registry.get cb [ 404,
31 silly registry.get   { date: 'Thu, 20 Nov 2014 14:26:19 GMT',
31 silly registry.get     server: 'CouchDB/1.5.0 (Erlang OTP/R16B03)',
31 silly registry.get     'content-type': 'application/json',
31 silly registry.get     'cache-control': 'max-age=0',
31 silly registry.get     'content-length': '52',
31 silly registry.get     'accept-ranges': 'bytes',
31 silly registry.get     via: '1.1 varnish',
31 silly registry.get     age: '0',
31 silly registry.get     'x-served-by': 'cache-dfw1822-DFW',
31 silly registry.get     'x-cache': 'MISS',
31 silly registry.get     'x-cache-hits': '0',
31 silly registry.get     'x-timer': 'S1416493579.479648,VS0,VE271',
31 silly registry.get     'keep-alive': 'timeout=10, max=50',
31 silly registry.get     connection: 'Keep-Alive' } ]
32 silly lockFile 91d6499e-uirouter uirouter@
33 silly lockFile 91d6499e-uirouter uirouter@
34 error 404 404 Not Found: uirouter
34 error 404
34 error 404 'uirouter' is not in the npm registry.
34 error 404 You should bug the author to publish it
34 error 404 It was specified as a dependency of 'angularDirectives'
34 error 404
34 error 404 Note that you can also install from a
34 error 404 tarball, folder, or http url, or git url.
35 error System Windows_NT 6.1.7601
36 error command "c:\\Program Files (x86)\\nodejs\\node.exe" "c:\\Program Files (x86)\\nodejs\\node_modules\\npm\\bin\\npm-cli.js" "install" "uirouter" "--save"
37 error cwd c:\Users\mstowe\Documents\prog\angularDirectives
38 error node -v v0.10.33
39 error npm -v 1.4.28
40 error code E404
41 verbose exit [ 1, true ]
